<?xml version="1.0" encoding="UTF-8"?>
<!-- Generated by org.testng.reporters.JUnitReportReporter -->
<testsuite hostname="DESKTOP-R2QIAIR" failures="0" tests="3" name="com.tv.jawwy.subscribe.testcases.UaePackagesTest" time="25.410" errors="0" timestamp="2023-04-06T18:39:13 EET" skipped="0">
  <testcase classname="com.tv.jawwy.subscribe.testcases.UaePackagesTest" name="CheckPackage1Info" time="11.116"/>
  <system-out/>
  <testcase classname="com.tv.jawwy.subscribe.testcases.UaePackagesTest" name="CheckPackage2Info" time="7.259"/>
  <system-out/>
  <testcase classname="com.tv.jawwy.subscribe.testcases.UaePackagesTest" name="CheckPackage3Info" time="7.035"/>
  <system-out/>
</testsuite> <!-- com.tv.jawwy.subscribe.testcases.UaePackagesTest -->
